Terminals unused in grammar

   TOKEN_ERRO


Grammar

    0 $accept: p $end

    1 p: s

    2 s: decl_global s
    3  | def_funcao s
    4  | /* empty */

    5 decl_global: decl_var ';'
    6            | decl_vetor ';'

    7 decl_local: decl_var ';' decl_local
    8           | /* empty */

    9 decl_var: tipo_var ':' TK_IDENTIFICADOR

   10 decl_vetor: tipo_var ':' TK_IDENTIFICADOR '[' TK_LIT_INT ']'

   11 tipo_var: TK_PR_INT
   12         | TK_PR_FLOAT
   13         | TK_PR_BOOL
   14         | TK_PR_CHAR
   15         | TK_PR_STRING

   16 def_funcao: cabecalho decl_local bloco_comando

   17 chamada_funcao: TK_IDENTIFICADOR '(' lista_expressoes ')'

   18 cabecalho: decl_var '(' lista_parametros ')'

   19 lista_parametros: lista_parametros_nao_vazia
   20                 | /* empty */

   21 lista_parametros_nao_vazia: parametro ',' lista_parametros_nao_vazia
   22                           | parametro

   23 parametro: decl_var

   24 comando: bloco_comando
   25        | controle_fluxo
   26        | atribuicao ';'
   27        | entrada ';'
   28        | saida ';'
   29        | retorna ';'
   30        | decl_var ';'
   31        | chamada_funcao ';'

   32 comando_simples: atribuicao
   33                | entrada
   34                | saida
   35                | retorna
   36                | decl_var
   37                | chamada_funcao

   38 bloco_comando: '{' seq_comando '}'

   39 seq_comando: comando ';' seq_comando
   40            | /* empty */

   41 atribuicao: TK_IDENTIFICADOR '=' expressao
   42           | TK_IDENTIFICADOR '[' expressao ']' '=' expressao

   43 entrada: TK_PR_INPUT TK_IDENTIFICADOR

   44 saida: TK_PR_OUTPUT lista_expressoes_nao_vazia

   45 lista_expressoes_nao_vazia: expressao ',' lista_expressoes_nao_vazia
   46                           | expressao

   47 retorna: TK_PR_RETURN expressao

   48 controle_fluxo: TK_PR_IF '(' expressao ')' TK_PR_THEN comando
   49               | TK_PR_IF '(' expressao ')' TK_PR_THEN comando TK_PR_ELSE comando
   50               | TK_PR_IF '(' expressao ')' TK_PR_THEN comando_simples TK_PR_ELSE comando
   51               | TK_PR_WHILE '(' expressao ')' TK_PR_DO comando
   52               | TK_PR_DO comando TK_PR_WHILE '(' expressao ')'

   53 expressao: TK_IDENTIFICADOR
   54          | TK_IDENTIFICADOR '[' expressao ']'
   55          | expressao '+' expressao
   56          | expressao '-' expressao
   57          | expressao '*' expressao
   58          | expressao '/' expressao
   59          | expressao '<' expressao
   60          | expressao '>' expressao
   61          | '+' expressao
   62          | '-' expressao
   63          | '(' expressao ')'
   64          | expressao TK_OC_LE expressao
   65          | expressao TK_OC_GE expressao
   66          | expressao TK_OC_EQ expressao
   67          | expressao TK_OC_NE expressao
   68          | expressao TK_OC_AND expressao
   69          | expressao TK_OC_OR expressao
   70          | chamada_funcao
   71          | TK_LIT_INT
   72          | TK_LIT_FLOAT
   73          | TK_LIT_FALSE
   74          | TK_LIT_TRUE
   75          | TK_LIT_CHAR
   76          | TK_LIT_STRING

   77 lista_expressoes: lista_expressoes_nao_vazia
   78                 | /* empty */


Terminals, with rules where they appear

$end (0) 0
'(' (40) 17 18 48 49 50 51 52 63
')' (41) 17 18 48 49 50 51 52 63
'*' (42) 57
'+' (43) 55 61
',' (44) 21 45
'-' (45) 56 62
'/' (47) 58
':' (58) 9 10
';' (59) 5 6 7 26 27 28 29 30 31 39
'<' (60) 59
'=' (61) 41 42
'>' (62) 60
'[' (91) 10 42 54
']' (93) 10 42 54
'{' (123) 38
'}' (125) 38
error (256)
TK_PR_INT (258) 11
TK_PR_FLOAT (259) 12
TK_PR_BOOL (260) 13
TK_PR_CHAR (261) 14
TK_PR_STRING (262) 15
TK_PR_IF (263) 48 49 50
TK_PR_THEN (264) 48 49 50
TK_PR_ELSE (265) 49 50
TK_PR_WHILE (266) 51 52
TK_PR_DO (267) 51 52
TK_PR_INPUT (268) 43
TK_PR_OUTPUT (269) 44
TK_PR_RETURN (270) 47
TK_OC_LE (271) 64
TK_OC_GE (272) 65
TK_OC_EQ (273) 66
TK_OC_NE (274) 67
TK_OC_AND (275) 68
TK_OC_OR (276) 69
TK_LIT_INT (277) 10 71
TK_LIT_FLOAT (278) 72
TK_LIT_FALSE (279) 73
TK_LIT_TRUE (280) 74
TK_LIT_CHAR (281) 75
TK_LIT_STRING (282) 76
TK_IDENTIFICADOR (283) 9 10 17 41 42 43 53 54
TOKEN_ERRO (284)
LOWER_THAN_ELSE (285)


Nonterminals, with rules where they appear

$accept (47)
    on left: 0
p (48)
    on left: 1, on right: 0
s (49)
    on left: 2 3 4, on right: 1 2 3
decl_global (50)
    on left: 5 6, on right: 2
decl_local (51)
    on left: 7 8, on right: 7 16
decl_var (52)
    on left: 9, on right: 5 7 18 23 30 36
decl_vetor (53)
    on left: 10, on right: 6
tipo_var (54)
    on left: 11 12 13 14 15, on right: 9 10
def_funcao (55)
    on left: 16, on right: 3
chamada_funcao (56)
    on left: 17, on right: 31 37 70
cabecalho (57)
    on left: 18, on right: 16
lista_parametros (58)
    on left: 19 20, on right: 18
lista_parametros_nao_vazia (59)
    on left: 21 22, on right: 19 21
parametro (60)
    on left: 23, on right: 21 22
comando (61)
    on left: 24 25 26 27 28 29 30 31, on right: 39 48 49 50 51 52
comando_simples (62)
    on left: 32 33 34 35 36 37, on right: 50
bloco_comando (63)
    on left: 38, on right: 16 24
seq_comando (64)
    on left: 39 40, on right: 38 39
atribuicao (65)
    on left: 41 42, on right: 26 32
entrada (66)
    on left: 43, on right: 27 33
saida (67)
    on left: 44, on right: 28 34
lista_expressoes_nao_vazia (68)
    on left: 45 46, on right: 44 45 77
retorna (69)
    on left: 47, on right: 29 35
controle_fluxo (70)
    on left: 48 49 50 51 52, on right: 25
expressao (71)
    on left: 53 54 55 56 57 58 59 60 61 62 63 64 65 66 67 68 69 70
    71 72 73 74 75 76, on right: 41 42 45 46 47 48 49 50 51 52 54 55
    56 57 58 59 60 61 62 63 64 65 66 67 68 69
lista_expressoes (72)
    on left: 77 78, on right: 17


state 0

    0 $accept: . p $end

    TK_PR_INT     shift, and go to state 1
    TK_PR_FLOAT   shift, and go to state 2
    TK_PR_BOOL    shift, and go to state 3
    TK_PR_CHAR    shift, and go to state 4
    TK_PR_STRING  shift, and go to state 5

    $default  reduce using rule 4 (s)

    p            go to state 6
    s            go to state 7
    decl_global  go to state 8
    decl_var     go to state 9
    decl_vetor   go to state 10
    tipo_var     go to state 11
    def_funcao   go to state 12
    cabecalho    go to state 13


state 1

   11 tipo_var: TK_PR_INT .

    $default  reduce using rule 11 (tipo_var)


state 2

   12 tipo_var: TK_PR_FLOAT .

    $default  reduce using rule 12 (tipo_var)


state 3

   13 tipo_var: TK_PR_BOOL .

    $default  reduce using rule 13 (tipo_var)


state 4

   14 tipo_var: TK_PR_CHAR .

    $default  reduce using rule 14 (tipo_var)


state 5

   15 tipo_var: TK_PR_STRING .

    $default  reduce using rule 15 (tipo_var)


state 6

    0 $accept: p . $end

    $end  shift, and go to state 14


state 7

    1 p: s .

    $default  reduce using rule 1 (p)


state 8

    2 s: decl_global . s

    TK_PR_INT     shift, and go to state 1
    TK_PR_FLOAT   shift, and go to state 2
    TK_PR_BOOL    shift, and go to state 3
    TK_PR_CHAR    shift, and go to state 4
    TK_PR_STRING  shift, and go to state 5

    $default  reduce using rule 4 (s)

    s            go to state 15
    decl_global  go to state 8
    decl_var     go to state 9
    decl_vetor   go to state 10
    tipo_var     go to state 11
    def_funcao   go to state 12
    cabecalho    go to state 13


state 9

    5 decl_global: decl_var . ';'
   18 cabecalho: decl_var . '(' lista_parametros ')'

    ';'  shift, and go to state 16
    '('  shift, and go to state 17


state 10

    6 decl_global: decl_vetor . ';'

    ';'  shift, and go to state 18


state 11

    9 decl_var: tipo_var . ':' TK_IDENTIFICADOR
   10 decl_vetor: tipo_var . ':' TK_IDENTIFICADOR '[' TK_LIT_INT ']'

    ':'  shift, and go to state 19


state 12

    3 s: def_funcao . s

    TK_PR_INT     shift, and go to state 1
    TK_PR_FLOAT   shift, and go to state 2
    TK_PR_BOOL    shift, and go to state 3
    TK_PR_CHAR    shift, and go to state 4
    TK_PR_STRING  shift, and go to state 5

    $default  reduce using rule 4 (s)

    s            go to state 20
    decl_global  go to state 8
    decl_var     go to state 9
    decl_vetor   go to state 10
    tipo_var     go to state 11
    def_funcao   go to state 12
    cabecalho    go to state 13


state 13

   16 def_funcao: cabecalho . decl_local bloco_comando

    TK_PR_INT     shift, and go to state 1
    TK_PR_FLOAT   shift, and go to state 2
    TK_PR_BOOL    shift, and go to state 3
    TK_PR_CHAR    shift, and go to state 4
    TK_PR_STRING  shift, and go to state 5

    $default  reduce using rule 8 (decl_local)

    decl_local  go to state 21
    decl_var    go to state 22
    tipo_var    go to state 23


state 14

    0 $accept: p $end .

    $default  accept


state 15

    2 s: decl_global s .

    $default  reduce using rule 2 (s)


state 16

    5 decl_global: decl_var ';' .

    $default  reduce using rule 5 (decl_global)


state 17

   18 cabecalho: decl_var '(' . lista_parametros ')'

    TK_PR_INT     shift, and go to state 1
    TK_PR_FLOAT   shift, and go to state 2
    TK_PR_BOOL    shift, and go to state 3
    TK_PR_CHAR    shift, and go to state 4
    TK_PR_STRING  shift, and go to state 5

    $default  reduce using rule 20 (lista_parametros)

    decl_var                    go to state 24
    tipo_var                    go to state 23
    lista_parametros            go to state 25
    lista_parametros_nao_vazia  go to state 26
    parametro                   go to state 27


state 18

    6 decl_global: decl_vetor ';' .

    $default  reduce using rule 6 (decl_global)


state 19

    9 decl_var: tipo_var ':' . TK_IDENTIFICADOR
   10 decl_vetor: tipo_var ':' . TK_IDENTIFICADOR '[' TK_LIT_INT ']'

    TK_IDENTIFICADOR  shift, and go to state 28


state 20

    3 s: def_funcao s .

    $default  reduce using rule 3 (s)


state 21

   16 def_funcao: cabecalho decl_local . bloco_comando

    '{'  shift, and go to state 29

    bloco_comando  go to state 30


state 22

    7 decl_local: decl_var . ';' decl_local

    ';'  shift, and go to state 31


state 23

    9 decl_var: tipo_var . ':' TK_IDENTIFICADOR

    ':'  shift, and go to state 32


state 24

   23 parametro: decl_var .

    $default  reduce using rule 23 (parametro)


state 25

   18 cabecalho: decl_var '(' lista_parametros . ')'

    ')'  shift, and go to state 33


state 26

   19 lista_parametros: lista_parametros_nao_vazia .

    $default  reduce using rule 19 (lista_parametros)


state 27

   21 lista_parametros_nao_vazia: parametro . ',' lista_parametros_nao_vazia
   22                           | parametro .

    ','  shift, and go to state 34

    $default  reduce using rule 22 (lista_parametros_nao_vazia)


state 28

    9 decl_var: tipo_var ':' TK_IDENTIFICADOR .
   10 decl_vetor: tipo_var ':' TK_IDENTIFICADOR . '[' TK_LIT_INT ']'

    '['  shift, and go to state 35

    $default  reduce using rule 9 (decl_var)


state 29

   38 bloco_comando: '{' . seq_comando '}'

    TK_PR_INT         shift, and go to state 1
    TK_PR_FLOAT       shift, and go to state 2
    TK_PR_BOOL        shift, and go to state 3
    TK_PR_CHAR        shift, and go to state 4
    TK_PR_STRING      shift, and go to state 5
    TK_PR_IF          shift, and go to state 36
    TK_PR_WHILE       shift, and go to state 37
    TK_PR_DO          shift, and go to state 38
    TK_PR_INPUT       shift, and go to state 39
    TK_PR_OUTPUT      shift, and go to state 40
    TK_PR_RETURN      shift, and go to state 41
    TK_IDENTIFICADOR  shift, and go to state 42
    '{'               shift, and go to state 29

    $default  reduce using rule 40 (seq_comando)

    decl_var        go to state 43
    tipo_var        go to state 23
    chamada_funcao  go to state 44
    comando         go to state 45
    bloco_comando   go to state 46
    seq_comando     go to state 47
    atribuicao      go to state 48
    entrada         go to state 49
    saida           go to state 50
    retorna         go to state 51
    controle_fluxo  go to state 52


state 30

   16 def_funcao: cabecalho decl_local bloco_comando .

    $default  reduce using rule 16 (def_funcao)


state 31

    7 decl_local: decl_var ';' . decl_local

    TK_PR_INT     shift, and go to state 1
    TK_PR_FLOAT   shift, and go to state 2
    TK_PR_BOOL    shift, and go to state 3
    TK_PR_CHAR    shift, and go to state 4
    TK_PR_STRING  shift, and go to state 5

    $default  reduce using rule 8 (decl_local)

    decl_local  go to state 53
    decl_var    go to state 22
    tipo_var    go to state 23


state 32

    9 decl_var: tipo_var ':' . TK_IDENTIFICADOR

    TK_IDENTIFICADOR  shift, and go to state 54


state 33

   18 cabecalho: decl_var '(' lista_parametros ')' .

    $default  reduce using rule 18 (cabecalho)


state 34

   21 lista_parametros_nao_vazia: parametro ',' . lista_parametros_nao_vazia

    TK_PR_INT     shift, and go to state 1
    TK_PR_FLOAT   shift, and go to state 2
    TK_PR_BOOL    shift, and go to state 3
    TK_PR_CHAR    shift, and go to state 4
    TK_PR_STRING  shift, and go to state 5

    decl_var                    go to state 24
    tipo_var                    go to state 23
    lista_parametros_nao_vazia  go to state 55
    parametro                   go to state 27


state 35

   10 decl_vetor: tipo_var ':' TK_IDENTIFICADOR '[' . TK_LIT_INT ']'

    TK_LIT_INT  shift, and go to state 56


state 36

   48 controle_fluxo: TK_PR_IF . '(' expressao ')' TK_PR_THEN comando
   49               | TK_PR_IF . '(' expressao ')' TK_PR_THEN comando TK_PR_ELSE comando
   50               | TK_PR_IF . '(' expressao ')' TK_PR_THEN comando_simples TK_PR_ELSE comando

    '('  shift, and go to state 57


state 37

   51 controle_fluxo: TK_PR_WHILE . '(' expressao ')' TK_PR_DO comando

    '('  shift, and go to state 58


state 38

   52 controle_fluxo: TK_PR_DO . comando TK_PR_WHILE '(' expressao ')'

    TK_PR_INT         shift, and go to state 1
    TK_PR_FLOAT       shift, and go to state 2
    TK_PR_BOOL        shift, and go to state 3
    TK_PR_CHAR        shift, and go to state 4
    TK_PR_STRING      shift, and go to state 5
    TK_PR_IF          shift, and go to state 36
    TK_PR_WHILE       shift, and go to state 37
    TK_PR_DO          shift, and go to state 38
    TK_PR_INPUT       shift, and go to state 39
    TK_PR_OUTPUT      shift, and go to state 40
    TK_PR_RETURN      shift, and go to state 41
    TK_IDENTIFICADOR  shift, and go to state 42
    '{'               shift, and go to state 29

    decl_var        go to state 43
    tipo_var        go to state 23
    chamada_funcao  go to state 44
    comando         go to state 59
    bloco_comando   go to state 46
    atribuicao      go to state 48
    entrada         go to state 49
    saida           go to state 50
    retorna         go to state 51
    controle_fluxo  go to state 52


state 39

   43 entrada: TK_PR_INPUT . TK_IDENTIFICADOR

    TK_IDENTIFICADOR  shift, and go to state 60


state 40

   44 saida: TK_PR_OUTPUT . lista_expressoes_nao_vazia

    TK_LIT_INT        shift, and go to state 61
    TK_LIT_FLOAT      shift, and go to state 62
    TK_LIT_FALSE      shift, and go to state 63
    TK_LIT_TRUE       shift, and go to state 64
    TK_LIT_CHAR       shift, and go to state 65
    TK_LIT_STRING     shift, and go to state 66
    TK_IDENTIFICADOR  shift, and go to state 67
    '+'               shift, and go to state 68
    '-'               shift, and go to state 69
    '('               shift, and go to state 70

    chamada_funcao              go to state 71
    lista_expressoes_nao_vazia  go to state 72
    expressao                   go to state 73


state 41

   47 retorna: TK_PR_RETURN . expressao

    TK_LIT_INT        shift, and go to state 61
    TK_LIT_FLOAT      shift, and go to state 62
    TK_LIT_FALSE      shift, and go to state 63
    TK_LIT_TRUE       shift, and go to state 64
    TK_LIT_CHAR       shift, and go to state 65
    TK_LIT_STRING     shift, and go to state 66
    TK_IDENTIFICADOR  shift, and go to state 67
    '+'               shift, and go to state 68
    '-'               shift, and go to state 69
    '('               shift, and go to state 70

    chamada_funcao  go to state 71
    expressao       go to state 74


state 42

   17 chamada_funcao: TK_IDENTIFICADOR . '(' lista_expressoes ')'
   41 atribuicao: TK_IDENTIFICADOR . '=' expressao
   42           | TK_IDENTIFICADOR . '[' expressao ']' '=' expressao

    '['  shift, and go to state 75
    '('  shift, and go to state 76
    '='  shift, and go to state 77


state 43

   30 comando: decl_var . ';'

    ';'  shift, and go to state 78


state 44

   31 comando: chamada_funcao . ';'

    ';'  shift, and go to state 79


state 45

   39 seq_comando: comando . ';' seq_comando

    ';'  shift, and go to state 80


state 46

   24 comando: bloco_comando .

    $default  reduce using rule 24 (comando)


state 47

   38 bloco_comando: '{' seq_comando . '}'

    '}'  shift, and go to state 81


state 48

   26 comando: atribuicao . ';'

    ';'  shift, and go to state 82


state 49

   27 comando: entrada . ';'

    ';'  shift, and go to state 83


state 50

   28 comando: saida . ';'

    ';'  shift, and go to state 84


state 51

   29 comando: retorna . ';'

    ';'  shift, and go to state 85


state 52

   25 comando: controle_fluxo .

    $default  reduce using rule 25 (comando)


state 53

    7 decl_local: decl_var ';' decl_local .

    $default  reduce using rule 7 (decl_local)


state 54

    9 decl_var: tipo_var ':' TK_IDENTIFICADOR .

    $default  reduce using rule 9 (decl_var)


state 55

   21 lista_parametros_nao_vazia: parametro ',' lista_parametros_nao_vazia .

    $default  reduce using rule 21 (lista_parametros_nao_vazia)


state 56

   10 decl_vetor: tipo_var ':' TK_IDENTIFICADOR '[' TK_LIT_INT . ']'

    ']'  shift, and go to state 86


state 57

   48 controle_fluxo: TK_PR_IF '(' . expressao ')' TK_PR_THEN comando
   49               | TK_PR_IF '(' . expressao ')' TK_PR_THEN comando TK_PR_ELSE comando
   50               | TK_PR_IF '(' . expressao ')' TK_PR_THEN comando_simples TK_PR_ELSE comando

    TK_LIT_INT        shift, and go to state 61
    TK_LIT_FLOAT      shift, and go to state 62
    TK_LIT_FALSE      shift, and go to state 63
    TK_LIT_TRUE       shift, and go to state 64
    TK_LIT_CHAR       shift, and go to state 65
    TK_LIT_STRING     shift, and go to state 66
    TK_IDENTIFICADOR  shift, and go to state 67
    '+'               shift, and go to state 68
    '-'               shift, and go to state 69
    '('               shift, and go to state 70

    chamada_funcao  go to state 71
    expressao       go to state 87


state 58

   51 controle_fluxo: TK_PR_WHILE '(' . expressao ')' TK_PR_DO comando

    TK_LIT_INT        shift, and go to state 61
    TK_LIT_FLOAT      shift, and go to state 62
    TK_LIT_FALSE      shift, and go to state 63
    TK_LIT_TRUE       shift, and go to state 64
    TK_LIT_CHAR       shift, and go to state 65
    TK_LIT_STRING     shift, and go to state 66
    TK_IDENTIFICADOR  shift, and go to state 67
    '+'               shift, and go to state 68
    '-'               shift, and go to state 69
    '('               shift, and go to state 70

    chamada_funcao  go to state 71
    expressao       go to state 88


state 59

   52 controle_fluxo: TK_PR_DO comando . TK_PR_WHILE '(' expressao ')'

    TK_PR_WHILE  shift, and go to state 89


state 60

   43 entrada: TK_PR_INPUT TK_IDENTIFICADOR .

    $default  reduce using rule 43 (entrada)


state 61

   71 expressao: TK_LIT_INT .

    $default  reduce using rule 71 (expressao)


state 62

   72 expressao: TK_LIT_FLOAT .

    $default  reduce using rule 72 (expressao)


state 63

   73 expressao: TK_LIT_FALSE .

    $default  reduce using rule 73 (expressao)


state 64

   74 expressao: TK_LIT_TRUE .

    $default  reduce using rule 74 (expressao)


state 65

   75 expressao: TK_LIT_CHAR .

    $default  reduce using rule 75 (expressao)


state 66

   76 expressao: TK_LIT_STRING .

    $default  reduce using rule 76 (expressao)


state 67

   17 chamada_funcao: TK_IDENTIFICADOR . '(' lista_expressoes ')'
   53 expressao: TK_IDENTIFICADOR .
   54          | TK_IDENTIFICADOR . '[' expressao ']'

    '['  shift, and go to state 90
    '('  shift, and go to state 76

    $default  reduce using rule 53 (expressao)


state 68

   61 expressao: '+' . expressao

    TK_LIT_INT        shift, and go to state 61
    TK_LIT_FLOAT      shift, and go to state 62
    TK_LIT_FALSE      shift, and go to state 63
    TK_LIT_TRUE       shift, and go to state 64
    TK_LIT_CHAR       shift, and go to state 65
    TK_LIT_STRING     shift, and go to state 66
    TK_IDENTIFICADOR  shift, and go to state 67
    '+'               shift, and go to state 68
    '-'               shift, and go to state 69
    '('               shift, and go to state 70

    chamada_funcao  go to state 71
    expressao       go to state 91


state 69

   62 expressao: '-' . expressao

    TK_LIT_INT        shift, and go to state 61
    TK_LIT_FLOAT      shift, and go to state 62
    TK_LIT_FALSE      shift, and go to state 63
    TK_LIT_TRUE       shift, and go to state 64
    TK_LIT_CHAR       shift, and go to state 65
    TK_LIT_STRING     shift, and go to state 66
    TK_IDENTIFICADOR  shift, and go to state 67
    '+'               shift, and go to state 68
    '-'               shift, and go to state 69
    '('               shift, and go to state 70

    chamada_funcao  go to state 71
    expressao       go to state 92


state 70

   63 expressao: '(' . expressao ')'

    TK_LIT_INT        shift, and go to state 61
    TK_LIT_FLOAT      shift, and go to state 62
    TK_LIT_FALSE      shift, and go to state 63
    TK_LIT_TRUE       shift, and go to state 64
    TK_LIT_CHAR       shift, and go to state 65
    TK_LIT_STRING     shift, and go to state 66
    TK_IDENTIFICADOR  shift, and go to state 67
    '+'               shift, and go to state 68
    '-'               shift, and go to state 69
    '('               shift, and go to state 70

    chamada_funcao  go to state 71
    expressao       go to state 93


state 71

   70 expressao: chamada_funcao .

    $default  reduce using rule 70 (expressao)


state 72

   44 saida: TK_PR_OUTPUT lista_expressoes_nao_vazia .

    $default  reduce using rule 44 (saida)


state 73

   45 lista_expressoes_nao_vazia: expressao . ',' lista_expressoes_nao_vazia
   46                           | expressao .
   55 expressao: expressao . '+' expressao
   56          | expressao . '-' expressao
   57          | expressao . '*' expressao
   58          | expressao . '/' expressao
   59          | expressao . '<' expressao
   60          | expressao . '>' expressao
   64          | expressao . TK_OC_LE expressao
   65          | expressao . TK_OC_GE expressao
   66          | expressao . TK_OC_EQ expressao
   67          | expressao . TK_OC_NE expressao
   68          | expressao . TK_OC_AND expressao
   69          | expressao . TK_OC_OR expressao

    TK_OC_LE   shift, and go to state 94
    TK_OC_GE   shift, and go to state 95
    TK_OC_EQ   shift, and go to state 96
    TK_OC_NE   shift, and go to state 97
    TK_OC_AND  shift, and go to state 98
    TK_OC_OR   shift, and go to state 99
    '<'        shift, and go to state 100
    '>'        shift, and go to state 101
    '+'        shift, and go to state 102
    '-'        shift, and go to state 103
    '*'        shift, and go to state 104
    '/'        shift, and go to state 105
    ','        shift, and go to state 106

    $default  reduce using rule 46 (lista_expressoes_nao_vazia)


state 74

   47 retorna: TK_PR_RETURN expressao .
   55 expressao: expressao . '+' expressao
   56          | expressao . '-' expressao
   57          | expressao . '*' expressao
   58          | expressao . '/' expressao
   59          | expressao . '<' expressao
   60          | expressao . '>' expressao
   64          | expressao . TK_OC_LE expressao
   65          | expressao . TK_OC_GE expressao
   66          | expressao . TK_OC_EQ expressao
   67          | expressao . TK_OC_NE expressao
   68          | expressao . TK_OC_AND expressao
   69          | expressao . TK_OC_OR expressao

    TK_OC_LE   shift, and go to state 94
    TK_OC_GE   shift, and go to state 95
    TK_OC_EQ   shift, and go to state 96
    TK_OC_NE   shift, and go to state 97
    TK_OC_AND  shift, and go to state 98
    TK_OC_OR   shift, and go to state 99
    '<'        shift, and go to state 100
    '>'        shift, and go to state 101
    '+'        shift, and go to state 102
    '-'        shift, and go to state 103
    '*'        shift, and go to state 104
    '/'        shift, and go to state 105

    $default  reduce using rule 47 (retorna)


state 75

   42 atribuicao: TK_IDENTIFICADOR '[' . expressao ']' '=' expressao

    TK_LIT_INT        shift, and go to state 61
    TK_LIT_FLOAT      shift, and go to state 62
    TK_LIT_FALSE      shift, and go to state 63
    TK_LIT_TRUE       shift, and go to state 64
    TK_LIT_CHAR       shift, and go to state 65
    TK_LIT_STRING     shift, and go to state 66
    TK_IDENTIFICADOR  shift, and go to state 67
    '+'               shift, and go to state 68
    '-'               shift, and go to state 69
    '('               shift, and go to state 70

    chamada_funcao  go to state 71
    expressao       go to state 107


state 76

   17 chamada_funcao: TK_IDENTIFICADOR '(' . lista_expressoes ')'

    TK_LIT_INT        shift, and go to state 61
    TK_LIT_FLOAT      shift, and go to state 62
    TK_LIT_FALSE      shift, and go to state 63
    TK_LIT_TRUE       shift, and go to state 64
    TK_LIT_CHAR       shift, and go to state 65
    TK_LIT_STRING     shift, and go to state 66
    TK_IDENTIFICADOR  shift, and go to state 67
    '+'               shift, and go to state 68
    '-'               shift, and go to state 69
    '('               shift, and go to state 70

    $default  reduce using rule 78 (lista_expressoes)

    chamada_funcao              go to state 71
    lista_expressoes_nao_vazia  go to state 108
    expressao                   go to state 73
    lista_expressoes            go to state 109


state 77

   41 atribuicao: TK_IDENTIFICADOR '=' . expressao

    TK_LIT_INT        shift, and go to state 61
    TK_LIT_FLOAT      shift, and go to state 62
    TK_LIT_FALSE      shift, and go to state 63
    TK_LIT_TRUE       shift, and go to state 64
    TK_LIT_CHAR       shift, and go to state 65
    TK_LIT_STRING     shift, and go to state 66
    TK_IDENTIFICADOR  shift, and go to state 67
    '+'               shift, and go to state 68
    '-'               shift, and go to state 69
    '('               shift, and go to state 70

    chamada_funcao  go to state 71
    expressao       go to state 110


state 78

   30 comando: decl_var ';' .

    $default  reduce using rule 30 (comando)


state 79

   31 comando: chamada_funcao ';' .

    $default  reduce using rule 31 (comando)


state 80

   39 seq_comando: comando ';' . seq_comando

    TK_PR_INT         shift, and go to state 1
    TK_PR_FLOAT       shift, and go to state 2
    TK_PR_BOOL        shift, and go to state 3
    TK_PR_CHAR        shift, and go to state 4
    TK_PR_STRING      shift, and go to state 5
    TK_PR_IF          shift, and go to state 36
    TK_PR_WHILE       shift, and go to state 37
    TK_PR_DO          shift, and go to state 38
    TK_PR_INPUT       shift, and go to state 39
    TK_PR_OUTPUT      shift, and go to state 40
    TK_PR_RETURN      shift, and go to state 41
    TK_IDENTIFICADOR  shift, and go to state 42
    '{'               shift, and go to state 29

    $default  reduce using rule 40 (seq_comando)

    decl_var        go to state 43
    tipo_var        go to state 23
    chamada_funcao  go to state 44
    comando         go to state 45
    bloco_comando   go to state 46
    seq_comando     go to state 111
    atribuicao      go to state 48
    entrada         go to state 49
    saida           go to state 50
    retorna         go to state 51
    controle_fluxo  go to state 52


state 81

   38 bloco_comando: '{' seq_comando '}' .

    $default  reduce using rule 38 (bloco_comando)


state 82

   26 comando: atribuicao ';' .

    $default  reduce using rule 26 (comando)


state 83

   27 comando: entrada ';' .

    $default  reduce using rule 27 (comando)


state 84

   28 comando: saida ';' .

    $default  reduce using rule 28 (comando)


state 85

   29 comando: retorna ';' .

    $default  reduce using rule 29 (comando)


state 86

   10 decl_vetor: tipo_var ':' TK_IDENTIFICADOR '[' TK_LIT_INT ']' .

    $default  reduce using rule 10 (decl_vetor)


state 87

   48 controle_fluxo: TK_PR_IF '(' expressao . ')' TK_PR_THEN comando
   49               | TK_PR_IF '(' expressao . ')' TK_PR_THEN comando TK_PR_ELSE comando
   50               | TK_PR_IF '(' expressao . ')' TK_PR_THEN comando_simples TK_PR_ELSE comando
   55 expressao: expressao . '+' expressao
   56          | expressao . '-' expressao
   57          | expressao . '*' expressao
   58          | expressao . '/' expressao
   59          | expressao . '<' expressao
   60          | expressao . '>' expressao
   64          | expressao . TK_OC_LE expressao
   65          | expressao . TK_OC_GE expressao
   66          | expressao . TK_OC_EQ expressao
   67          | expressao . TK_OC_NE expressao
   68          | expressao . TK_OC_AND expressao
   69          | expressao . TK_OC_OR expressao

    TK_OC_LE   shift, and go to state 94
    TK_OC_GE   shift, and go to state 95
    TK_OC_EQ   shift, and go to state 96
    TK_OC_NE   shift, and go to state 97
    TK_OC_AND  shift, and go to state 98
    TK_OC_OR   shift, and go to state 99
    '<'        shift, and go to state 100
    '>'        shift, and go to state 101
    '+'        shift, and go to state 102
    '-'        shift, and go to state 103
    '*'        shift, and go to state 104
    '/'        shift, and go to state 105
    ')'        shift, and go to state 112


state 88

   51 controle_fluxo: TK_PR_WHILE '(' expressao . ')' TK_PR_DO comando
   55 expressao: expressao . '+' expressao
   56          | expressao . '-' expressao
   57          | expressao . '*' expressao
   58          | expressao . '/' expressao
   59          | expressao . '<' expressao
   60          | expressao . '>' expressao
   64          | expressao . TK_OC_LE expressao
   65          | expressao . TK_OC_GE expressao
   66          | expressao . TK_OC_EQ expressao
   67          | expressao . TK_OC_NE expressao
   68          | expressao . TK_OC_AND expressao
   69          | expressao . TK_OC_OR expressao

    TK_OC_LE   shift, and go to state 94
    TK_OC_GE   shift, and go to state 95
    TK_OC_EQ   shift, and go to state 96
    TK_OC_NE   shift, and go to state 97
    TK_OC_AND  shift, and go to state 98
    TK_OC_OR   shift, and go to state 99
    '<'        shift, and go to state 100
    '>'        shift, and go to state 101
    '+'        shift, and go to state 102
    '-'        shift, and go to state 103
    '*'        shift, and go to state 104
    '/'        shift, and go to state 105
    ')'        shift, and go to state 113


state 89

   52 controle_fluxo: TK_PR_DO comando TK_PR_WHILE . '(' expressao ')'

    '('  shift, and go to state 114


state 90

   54 expressao: TK_IDENTIFICADOR '[' . expressao ']'

    TK_LIT_INT        shift, and go to state 61
    TK_LIT_FLOAT      shift, and go to state 62
    TK_LIT_FALSE      shift, and go to state 63
    TK_LIT_TRUE       shift, and go to state 64
    TK_LIT_CHAR       shift, and go to state 65
    TK_LIT_STRING     shift, and go to state 66
    TK_IDENTIFICADOR  shift, and go to state 67
    '+'               shift, and go to state 68
    '-'               shift, and go to state 69
    '('               shift, and go to state 70

    chamada_funcao  go to state 71
    expressao       go to state 115


state 91

   55 expressao: expressao . '+' expressao
   56          | expressao . '-' expressao
   57          | expressao . '*' expressao
   58          | expressao . '/' expressao
   59          | expressao . '<' expressao
   60          | expressao . '>' expressao
   61          | '+' expressao .
   64          | expressao . TK_OC_LE expressao
   65          | expressao . TK_OC_GE expressao
   66          | expressao . TK_OC_EQ expressao
   67          | expressao . TK_OC_NE expressao
   68          | expressao . TK_OC_AND expressao
   69          | expressao . TK_OC_OR expressao

    '*'  shift, and go to state 104
    '/'  shift, and go to state 105

    $default  reduce using rule 61 (expressao)


state 92

   55 expressao: expressao . '+' expressao
   56          | expressao . '-' expressao
   57          | expressao . '*' expressao
   58          | expressao . '/' expressao
   59          | expressao . '<' expressao
   60          | expressao . '>' expressao
   62          | '-' expressao .
   64          | expressao . TK_OC_LE expressao
   65          | expressao . TK_OC_GE expressao
   66          | expressao . TK_OC_EQ expressao
   67          | expressao . TK_OC_NE expressao
   68          | expressao . TK_OC_AND expressao
   69          | expressao . TK_OC_OR expressao

    '*'  shift, and go to state 104
    '/'  shift, and go to state 105

    $default  reduce using rule 62 (expressao)


state 93

   55 expressao: expressao . '+' expressao
   56          | expressao . '-' expressao
   57          | expressao . '*' expressao
   58          | expressao . '/' expressao
   59          | expressao . '<' expressao
   60          | expressao . '>' expressao
   63          | '(' expressao . ')'
   64          | expressao . TK_OC_LE expressao
   65          | expressao . TK_OC_GE expressao
   66          | expressao . TK_OC_EQ expressao
   67          | expressao . TK_OC_NE expressao
   68          | expressao . TK_OC_AND expressao
   69          | expressao . TK_OC_OR expressao

    TK_OC_LE   shift, and go to state 94
    TK_OC_GE   shift, and go to state 95
    TK_OC_EQ   shift, and go to state 96
    TK_OC_NE   shift, and go to state 97
    TK_OC_AND  shift, and go to state 98
    TK_OC_OR   shift, and go to state 99
    '<'        shift, and go to state 100
    '>'        shift, and go to state 101
    '+'        shift, and go to state 102
    '-'        shift, and go to state 103
    '*'        shift, and go to state 104
    '/'        shift, and go to state 105
    ')'        shift, and go to state 116


state 94

   64 expressao: expressao TK_OC_LE . expressao

    TK_LIT_INT        shift, and go to state 61
    TK_LIT_FLOAT      shift, and go to state 62
    TK_LIT_FALSE      shift, and go to state 63
    TK_LIT_TRUE       shift, and go to state 64
    TK_LIT_CHAR       shift, and go to state 65
    TK_LIT_STRING     shift, and go to state 66
    TK_IDENTIFICADOR  shift, and go to state 67
    '+'               shift, and go to state 68
    '-'               shift, and go to state 69
    '('               shift, and go to state 70

    chamada_funcao  go to state 71
    expressao       go to state 117


state 95

   65 expressao: expressao TK_OC_GE . expressao

    TK_LIT_INT        shift, and go to state 61
    TK_LIT_FLOAT      shift, and go to state 62
    TK_LIT_FALSE      shift, and go to state 63
    TK_LIT_TRUE       shift, and go to state 64
    TK_LIT_CHAR       shift, and go to state 65
    TK_LIT_STRING     shift, and go to state 66
    TK_IDENTIFICADOR  shift, and go to state 67
    '+'               shift, and go to state 68
    '-'               shift, and go to state 69
    '('               shift, and go to state 70

    chamada_funcao  go to state 71
    expressao       go to state 118


state 96

   66 expressao: expressao TK_OC_EQ . expressao

    TK_LIT_INT        shift, and go to state 61
    TK_LIT_FLOAT      shift, and go to state 62
    TK_LIT_FALSE      shift, and go to state 63
    TK_LIT_TRUE       shift, and go to state 64
    TK_LIT_CHAR       shift, and go to state 65
    TK_LIT_STRING     shift, and go to state 66
    TK_IDENTIFICADOR  shift, and go to state 67
    '+'               shift, and go to state 68
    '-'               shift, and go to state 69
    '('               shift, and go to state 70

    chamada_funcao  go to state 71
    expressao       go to state 119


state 97

   67 expressao: expressao TK_OC_NE . expressao

    TK_LIT_INT        shift, and go to state 61
    TK_LIT_FLOAT      shift, and go to state 62
    TK_LIT_FALSE      shift, and go to state 63
    TK_LIT_TRUE       shift, and go to state 64
    TK_LIT_CHAR       shift, and go to state 65
    TK_LIT_STRING     shift, and go to state 66
    TK_IDENTIFICADOR  shift, and go to state 67
    '+'               shift, and go to state 68
    '-'               shift, and go to state 69
    '('               shift, and go to state 70

    chamada_funcao  go to state 71
    expressao       go to state 120


state 98

   68 expressao: expressao TK_OC_AND . expressao

    TK_LIT_INT        shift, and go to state 61
    TK_LIT_FLOAT      shift, and go to state 62
    TK_LIT_FALSE      shift, and go to state 63
    TK_LIT_TRUE       shift, and go to state 64
    TK_LIT_CHAR       shift, and go to state 65
    TK_LIT_STRING     shift, and go to state 66
    TK_IDENTIFICADOR  shift, and go to state 67
    '+'               shift, and go to state 68
    '-'               shift, and go to state 69
    '('               shift, and go to state 70

    chamada_funcao  go to state 71
    expressao       go to state 121


state 99

   69 expressao: expressao TK_OC_OR . expressao

    TK_LIT_INT        shift, and go to state 61
    TK_LIT_FLOAT      shift, and go to state 62
    TK_LIT_FALSE      shift, and go to state 63
    TK_LIT_TRUE       shift, and go to state 64
    TK_LIT_CHAR       shift, and go to state 65
    TK_LIT_STRING     shift, and go to state 66
    TK_IDENTIFICADOR  shift, and go to state 67
    '+'               shift, and go to state 68
    '-'               shift, and go to state 69
    '('               shift, and go to state 70

    chamada_funcao  go to state 71
    expressao       go to state 122


state 100

   59 expressao: expressao '<' . expressao

    TK_LIT_INT        shift, and go to state 61
    TK_LIT_FLOAT      shift, and go to state 62
    TK_LIT_FALSE      shift, and go to state 63
    TK_LIT_TRUE       shift, and go to state 64
    TK_LIT_CHAR       shift, and go to state 65
    TK_LIT_STRING     shift, and go to state 66
    TK_IDENTIFICADOR  shift, and go to state 67
    '+'               shift, and go to state 68
    '-'               shift, and go to state 69
    '('               shift, and go to state 70

    chamada_funcao  go to state 71
    expressao       go to state 123


state 101

   60 expressao: expressao '>' . expressao

    TK_LIT_INT        shift, and go to state 61
    TK_LIT_FLOAT      shift, and go to state 62
    TK_LIT_FALSE      shift, and go to state 63
    TK_LIT_TRUE       shift, and go to state 64
    TK_LIT_CHAR       shift, and go to state 65
    TK_LIT_STRING     shift, and go to state 66
    TK_IDENTIFICADOR  shift, and go to state 67
    '+'               shift, and go to state 68
    '-'               shift, and go to state 69
    '('               shift, and go to state 70

    chamada_funcao  go to state 71
    expressao       go to state 124


state 102

   55 expressao: expressao '+' . expressao

    TK_LIT_INT        shift, and go to state 61
    TK_LIT_FLOAT      shift, and go to state 62
    TK_LIT_FALSE      shift, and go to state 63
    TK_LIT_TRUE       shift, and go to state 64
    TK_LIT_CHAR       shift, and go to state 65
    TK_LIT_STRING     shift, and go to state 66
    TK_IDENTIFICADOR  shift, and go to state 67
    '+'               shift, and go to state 68
    '-'               shift, and go to state 69
    '('               shift, and go to state 70

    chamada_funcao  go to state 71
    expressao       go to state 125


state 103

   56 expressao: expressao '-' . expressao

    TK_LIT_INT        shift, and go to state 61
    TK_LIT_FLOAT      shift, and go to state 62
    TK_LIT_FALSE      shift, and go to state 63
    TK_LIT_TRUE       shift, and go to state 64
    TK_LIT_CHAR       shift, and go to state 65
    TK_LIT_STRING     shift, and go to state 66
    TK_IDENTIFICADOR  shift, and go to state 67
    '+'               shift, and go to state 68
    '-'               shift, and go to state 69
    '('               shift, and go to state 70

    chamada_funcao  go to state 71
    expressao       go to state 126


state 104

   57 expressao: expressao '*' . expressao

    TK_LIT_INT        shift, and go to state 61
    TK_LIT_FLOAT      shift, and go to state 62
    TK_LIT_FALSE      shift, and go to state 63
    TK_LIT_TRUE       shift, and go to state 64
    TK_LIT_CHAR       shift, and go to state 65
    TK_LIT_STRING     shift, and go to state 66
    TK_IDENTIFICADOR  shift, and go to state 67
    '+'               shift, and go to state 68
    '-'               shift, and go to state 69
    '('               shift, and go to state 70

    chamada_funcao  go to state 71
    expressao       go to state 127


state 105

   58 expressao: expressao '/' . expressao

    TK_LIT_INT        shift, and go to state 61
    TK_LIT_FLOAT      shift, and go to state 62
    TK_LIT_FALSE      shift, and go to state 63
    TK_LIT_TRUE       shift, and go to state 64
    TK_LIT_CHAR       shift, and go to state 65
    TK_LIT_STRING     shift, and go to state 66
    TK_IDENTIFICADOR  shift, and go to state 67
    '+'               shift, and go to state 68
    '-'               shift, and go to state 69
    '('               shift, and go to state 70

    chamada_funcao  go to state 71
    expressao       go to state 128


state 106

   45 lista_expressoes_nao_vazia: expressao ',' . lista_expressoes_nao_vazia

    TK_LIT_INT        shift, and go to state 61
    TK_LIT_FLOAT      shift, and go to state 62
    TK_LIT_FALSE      shift, and go to state 63
    TK_LIT_TRUE       shift, and go to state 64
    TK_LIT_CHAR       shift, and go to state 65
    TK_LIT_STRING     shift, and go to state 66
    TK_IDENTIFICADOR  shift, and go to state 67
    '+'               shift, and go to state 68
    '-'               shift, and go to state 69
    '('               shift, and go to state 70

    chamada_funcao              go to state 71
    lista_expressoes_nao_vazia  go to state 129
    expressao                   go to state 73


state 107

   42 atribuicao: TK_IDENTIFICADOR '[' expressao . ']' '=' expressao
   55 expressao: expressao . '+' expressao
   56          | expressao . '-' expressao
   57          | expressao . '*' expressao
   58          | expressao . '/' expressao
   59          | expressao . '<' expressao
   60          | expressao . '>' expressao
   64          | expressao . TK_OC_LE expressao
   65          | expressao . TK_OC_GE expressao
   66          | expressao . TK_OC_EQ expressao
   67          | expressao . TK_OC_NE expressao
   68          | expressao . TK_OC_AND expressao
   69          | expressao . TK_OC_OR expressao

    TK_OC_LE   shift, and go to state 94
    TK_OC_GE   shift, and go to state 95
    TK_OC_EQ   shift, and go to state 96
    TK_OC_NE   shift, and go to state 97
    TK_OC_AND  shift, and go to state 98
    TK_OC_OR   shift, and go to state 99
    '<'        shift, and go to state 100
    '>'        shift, and go to state 101
    '+'        shift, and go to state 102
    '-'        shift, and go to state 103
    '*'        shift, and go to state 104
    '/'        shift, and go to state 105
    ']'        shift, and go to state 130


state 108

   77 lista_expressoes: lista_expressoes_nao_vazia .

    $default  reduce using rule 77 (lista_expressoes)


state 109

   17 chamada_funcao: TK_IDENTIFICADOR '(' lista_expressoes . ')'

    ')'  shift, and go to state 131


state 110

   41 atribuicao: TK_IDENTIFICADOR '=' expressao .
   55 expressao: expressao . '+' expressao
   56          | expressao . '-' expressao
   57          | expressao . '*' expressao
   58          | expressao . '/' expressao
   59          | expressao . '<' expressao
   60          | expressao . '>' expressao
   64          | expressao . TK_OC_LE expressao
   65          | expressao . TK_OC_GE expressao
   66          | expressao . TK_OC_EQ expressao
   67          | expressao . TK_OC_NE expressao
   68          | expressao . TK_OC_AND expressao
   69          | expressao . TK_OC_OR expressao

    TK_OC_LE   shift, and go to state 94
    TK_OC_GE   shift, and go to state 95
    TK_OC_EQ   shift, and go to state 96
    TK_OC_NE   shift, and go to state 97
    TK_OC_AND  shift, and go to state 98
    TK_OC_OR   shift, and go to state 99
    '<'        shift, and go to state 100
    '>'        shift, and go to state 101
    '+'        shift, and go to state 102
    '-'        shift, and go to state 103
    '*'        shift, and go to state 104
    '/'        shift, and go to state 105

    $default  reduce using rule 41 (atribuicao)


state 111

   39 seq_comando: comando ';' seq_comando .

    $default  reduce using rule 39 (seq_comando)


state 112

   48 controle_fluxo: TK_PR_IF '(' expressao ')' . TK_PR_THEN comando
   49               | TK_PR_IF '(' expressao ')' . TK_PR_THEN comando TK_PR_ELSE comando
   50               | TK_PR_IF '(' expressao ')' . TK_PR_THEN comando_simples TK_PR_ELSE comando

    TK_PR_THEN  shift, and go to state 132


state 113

   51 controle_fluxo: TK_PR_WHILE '(' expressao ')' . TK_PR_DO comando

    TK_PR_DO  shift, and go to state 133


state 114

   52 controle_fluxo: TK_PR_DO comando TK_PR_WHILE '(' . expressao ')'

    TK_LIT_INT        shift, and go to state 61
    TK_LIT_FLOAT      shift, and go to state 62
    TK_LIT_FALSE      shift, and go to state 63
    TK_LIT_TRUE       shift, and go to state 64
    TK_LIT_CHAR       shift, and go to state 65
    TK_LIT_STRING     shift, and go to state 66
    TK_IDENTIFICADOR  shift, and go to state 67
    '+'               shift, and go to state 68
    '-'               shift, and go to state 69
    '('               shift, and go to state 70

    chamada_funcao  go to state 71
    expressao       go to state 134


state 115

   54 expressao: TK_IDENTIFICADOR '[' expressao . ']'
   55          | expressao . '+' expressao
   56          | expressao . '-' expressao
   57          | expressao . '*' expressao
   58          | expressao . '/' expressao
   59          | expressao . '<' expressao
   60          | expressao . '>' expressao
   64          | expressao . TK_OC_LE expressao
   65          | expressao . TK_OC_GE expressao
   66          | expressao . TK_OC_EQ expressao
   67          | expressao . TK_OC_NE expressao
   68          | expressao . TK_OC_AND expressao
   69          | expressao . TK_OC_OR expressao

    TK_OC_LE   shift, and go to state 94
    TK_OC_GE   shift, and go to state 95
    TK_OC_EQ   shift, and go to state 96
    TK_OC_NE   shift, and go to state 97
    TK_OC_AND  shift, and go to state 98
    TK_OC_OR   shift, and go to state 99
    '<'        shift, and go to state 100
    '>'        shift, and go to state 101
    '+'        shift, and go to state 102
    '-'        shift, and go to state 103
    '*'        shift, and go to state 104
    '/'        shift, and go to state 105
    ']'        shift, and go to state 135


state 116

   63 expressao: '(' expressao ')' .

    $default  reduce using rule 63 (expressao)


state 117

   55 expressao: expressao . '+' expressao
   56          | expressao . '-' expressao
   57          | expressao . '*' expressao
   58          | expressao . '/' expressao
   59          | expressao . '<' expressao
   60          | expressao . '>' expressao
   64          | expressao . TK_OC_LE expressao
   64          | expressao TK_OC_LE expressao .
   65          | expressao . TK_OC_GE expressao
   66          | expressao . TK_OC_EQ expressao
   67          | expressao . TK_OC_NE expressao
   68          | expressao . TK_OC_AND expressao
   69          | expressao . TK_OC_OR expressao

    '+'  shift, and go to state 102
    '-'  shift, and go to state 103
    '*'  shift, and go to state 104
    '/'  shift, and go to state 105

    $default  reduce using rule 64 (expressao)


state 118

   55 expressao: expressao . '+' expressao
   56          | expressao . '-' expressao
   57          | expressao . '*' expressao
   58          | expressao . '/' expressao
   59          | expressao . '<' expressao
   60          | expressao . '>' expressao
   64          | expressao . TK_OC_LE expressao
   65          | expressao . TK_OC_GE expressao
   65          | expressao TK_OC_GE expressao .
   66          | expressao . TK_OC_EQ expressao
   67          | expressao . TK_OC_NE expressao
   68          | expressao . TK_OC_AND expressao
   69          | expressao . TK_OC_OR expressao

    '+'  shift, and go to state 102
    '-'  shift, and go to state 103
    '*'  shift, and go to state 104
    '/'  shift, and go to state 105

    $default  reduce using rule 65 (expressao)


state 119

   55 expressao: expressao . '+' expressao
   56          | expressao . '-' expressao
   57          | expressao . '*' expressao
   58          | expressao . '/' expressao
   59          | expressao . '<' expressao
   60          | expressao . '>' expressao
   64          | expressao . TK_OC_LE expressao
   65          | expressao . TK_OC_GE expressao
   66          | expressao . TK_OC_EQ expressao
   66          | expressao TK_OC_EQ expressao .
   67          | expressao . TK_OC_NE expressao
   68          | expressao . TK_OC_AND expressao
   69          | expressao . TK_OC_OR expressao

    '+'  shift, and go to state 102
    '-'  shift, and go to state 103
    '*'  shift, and go to state 104
    '/'  shift, and go to state 105

    $default  reduce using rule 66 (expressao)


state 120

   55 expressao: expressao . '+' expressao
   56          | expressao . '-' expressao
   57          | expressao . '*' expressao
   58          | expressao . '/' expressao
   59          | expressao . '<' expressao
   60          | expressao . '>' expressao
   64          | expressao . TK_OC_LE expressao
   65          | expressao . TK_OC_GE expressao
   66          | expressao . TK_OC_EQ expressao
   67          | expressao . TK_OC_NE expressao
   67          | expressao TK_OC_NE expressao .
   68          | expressao . TK_OC_AND expressao
   69          | expressao . TK_OC_OR expressao

    '+'  shift, and go to state 102
    '-'  shift, and go to state 103
    '*'  shift, and go to state 104
    '/'  shift, and go to state 105

    $default  reduce using rule 67 (expressao)


state 121

   55 expressao: expressao . '+' expressao
   56          | expressao . '-' expressao
   57          | expressao . '*' expressao
   58          | expressao . '/' expressao
   59          | expressao . '<' expressao
   60          | expressao . '>' expressao
   64          | expressao . TK_OC_LE expressao
   65          | expressao . TK_OC_GE expressao
   66          | expressao . TK_OC_EQ expressao
   67          | expressao . TK_OC_NE expressao
   68          | expressao . TK_OC_AND expressao
   68          | expressao TK_OC_AND expressao .
   69          | expressao . TK_OC_OR expressao

    TK_OC_LE  shift, and go to state 94
    TK_OC_GE  shift, and go to state 95
    TK_OC_EQ  shift, and go to state 96
    TK_OC_NE  shift, and go to state 97
    '<'       shift, and go to state 100
    '>'       shift, and go to state 101
    '+'       shift, and go to state 102
    '-'       shift, and go to state 103
    '*'       shift, and go to state 104
    '/'       shift, and go to state 105

    $default  reduce using rule 68 (expressao)


state 122

   55 expressao: expressao . '+' expressao
   56          | expressao . '-' expressao
   57          | expressao . '*' expressao
   58          | expressao . '/' expressao
   59          | expressao . '<' expressao
   60          | expressao . '>' expressao
   64          | expressao . TK_OC_LE expressao
   65          | expressao . TK_OC_GE expressao
   66          | expressao . TK_OC_EQ expressao
   67          | expressao . TK_OC_NE expressao
   68          | expressao . TK_OC_AND expressao
   69          | expressao . TK_OC_OR expressao
   69          | expressao TK_OC_OR expressao .

    TK_OC_LE  shift, and go to state 94
    TK_OC_GE  shift, and go to state 95
    TK_OC_EQ  shift, and go to state 96
    TK_OC_NE  shift, and go to state 97
    '<'       shift, and go to state 100
    '>'       shift, and go to state 101
    '+'       shift, and go to state 102
    '-'       shift, and go to state 103
    '*'       shift, and go to state 104
    '/'       shift, and go to state 105

    $default  reduce using rule 69 (expressao)


state 123

   55 expressao: expressao . '+' expressao
   56          | expressao . '-' expressao
   57          | expressao . '*' expressao
   58          | expressao . '/' expressao
   59          | expressao . '<' expressao
   59          | expressao '<' expressao .
   60          | expressao . '>' expressao
   64          | expressao . TK_OC_LE expressao
   65          | expressao . TK_OC_GE expressao
   66          | expressao . TK_OC_EQ expressao
   67          | expressao . TK_OC_NE expressao
   68          | expressao . TK_OC_AND expressao
   69          | expressao . TK_OC_OR expressao

    '+'  shift, and go to state 102
    '-'  shift, and go to state 103
    '*'  shift, and go to state 104
    '/'  shift, and go to state 105

    $default  reduce using rule 59 (expressao)


state 124

   55 expressao: expressao . '+' expressao
   56          | expressao . '-' expressao
   57          | expressao . '*' expressao
   58          | expressao . '/' expressao
   59          | expressao . '<' expressao
   60          | expressao . '>' expressao
   60          | expressao '>' expressao .
   64          | expressao . TK_OC_LE expressao
   65          | expressao . TK_OC_GE expressao
   66          | expressao . TK_OC_EQ expressao
   67          | expressao . TK_OC_NE expressao
   68          | expressao . TK_OC_AND expressao
   69          | expressao . TK_OC_OR expressao

    '+'  shift, and go to state 102
    '-'  shift, and go to state 103
    '*'  shift, and go to state 104
    '/'  shift, and go to state 105

    $default  reduce using rule 60 (expressao)


state 125

   55 expressao: expressao . '+' expressao
   55          | expressao '+' expressao .
   56          | expressao . '-' expressao
   57          | expressao . '*' expressao
   58          | expressao . '/' expressao
   59          | expressao . '<' expressao
   60          | expressao . '>' expressao
   64          | expressao . TK_OC_LE expressao
   65          | expressao . TK_OC_GE expressao
   66          | expressao . TK_OC_EQ expressao
   67          | expressao . TK_OC_NE expressao
   68          | expressao . TK_OC_AND expressao
   69          | expressao . TK_OC_OR expressao

    '*'  shift, and go to state 104
    '/'  shift, and go to state 105

    $default  reduce using rule 55 (expressao)


state 126

   55 expressao: expressao . '+' expressao
   56          | expressao . '-' expressao
   56          | expressao '-' expressao .
   57          | expressao . '*' expressao
   58          | expressao . '/' expressao
   59          | expressao . '<' expressao
   60          | expressao . '>' expressao
   64          | expressao . TK_OC_LE expressao
   65          | expressao . TK_OC_GE expressao
   66          | expressao . TK_OC_EQ expressao
   67          | expressao . TK_OC_NE expressao
   68          | expressao . TK_OC_AND expressao
   69          | expressao . TK_OC_OR expressao

    '*'  shift, and go to state 104
    '/'  shift, and go to state 105

    $default  reduce using rule 56 (expressao)


state 127

   55 expressao: expressao . '+' expressao
   56          | expressao . '-' expressao
   57          | expressao . '*' expressao
   57          | expressao '*' expressao .
   58          | expressao . '/' expressao
   59          | expressao . '<' expressao
   60          | expressao . '>' expressao
   64          | expressao . TK_OC_LE expressao
   65          | expressao . TK_OC_GE expressao
   66          | expressao . TK_OC_EQ expressao
   67          | expressao . TK_OC_NE expressao
   68          | expressao . TK_OC_AND expressao
   69          | expressao . TK_OC_OR expressao

    $default  reduce using rule 57 (expressao)


state 128

   55 expressao: expressao . '+' expressao
   56          | expressao . '-' expressao
   57          | expressao . '*' expressao
   58          | expressao . '/' expressao
   58          | expressao '/' expressao .
   59          | expressao . '<' expressao
   60          | expressao . '>' expressao
   64          | expressao . TK_OC_LE expressao
   65          | expressao . TK_OC_GE expressao
   66          | expressao . TK_OC_EQ expressao
   67          | expressao . TK_OC_NE expressao
   68          | expressao . TK_OC_AND expressao
   69          | expressao . TK_OC_OR expressao

    $default  reduce using rule 58 (expressao)


state 129

   45 lista_expressoes_nao_vazia: expressao ',' lista_expressoes_nao_vazia .

    $default  reduce using rule 45 (lista_expressoes_nao_vazia)


state 130

   42 atribuicao: TK_IDENTIFICADOR '[' expressao ']' . '=' expressao

    '='  shift, and go to state 136


state 131

   17 chamada_funcao: TK_IDENTIFICADOR '(' lista_expressoes ')' .

    $default  reduce using rule 17 (chamada_funcao)


state 132

   48 controle_fluxo: TK_PR_IF '(' expressao ')' TK_PR_THEN . comando
   49               | TK_PR_IF '(' expressao ')' TK_PR_THEN . comando TK_PR_ELSE comando
   50               | TK_PR_IF '(' expressao ')' TK_PR_THEN . comando_simples TK_PR_ELSE comando

    TK_PR_INT         shift, and go to state 1
    TK_PR_FLOAT       shift, and go to state 2
    TK_PR_BOOL        shift, and go to state 3
    TK_PR_CHAR        shift, and go to state 4
    TK_PR_STRING      shift, and go to state 5
    TK_PR_IF          shift, and go to state 36
    TK_PR_WHILE       shift, and go to state 37
    TK_PR_DO          shift, and go to state 38
    TK_PR_INPUT       shift, and go to state 39
    TK_PR_OUTPUT      shift, and go to state 40
    TK_PR_RETURN      shift, and go to state 41
    TK_IDENTIFICADOR  shift, and go to state 42
    '{'               shift, and go to state 29

    decl_var         go to state 137
    tipo_var         go to state 23
    chamada_funcao   go to state 138
    comando          go to state 139
    comando_simples  go to state 140
    bloco_comando    go to state 46
    atribuicao       go to state 141
    entrada          go to state 142
    saida            go to state 143
    retorna          go to state 144
    controle_fluxo   go to state 52


state 133

   51 controle_fluxo: TK_PR_WHILE '(' expressao ')' TK_PR_DO . comando

    TK_PR_INT         shift, and go to state 1
    TK_PR_FLOAT       shift, and go to state 2
    TK_PR_BOOL        shift, and go to state 3
    TK_PR_CHAR        shift, and go to state 4
    TK_PR_STRING      shift, and go to state 5
    TK_PR_IF          shift, and go to state 36
    TK_PR_WHILE       shift, and go to state 37
    TK_PR_DO          shift, and go to state 38
    TK_PR_INPUT       shift, and go to state 39
    TK_PR_OUTPUT      shift, and go to state 40
    TK_PR_RETURN      shift, and go to state 41
    TK_IDENTIFICADOR  shift, and go to state 42
    '{'               shift, and go to state 29

    decl_var        go to state 43
    tipo_var        go to state 23
    chamada_funcao  go to state 44
    comando         go to state 145
    bloco_comando   go to state 46
    atribuicao      go to state 48
    entrada         go to state 49
    saida           go to state 50
    retorna         go to state 51
    controle_fluxo  go to state 52


state 134

   52 controle_fluxo: TK_PR_DO comando TK_PR_WHILE '(' expressao . ')'
   55 expressao: expressao . '+' expressao
   56          | expressao . '-' expressao
   57          | expressao . '*' expressao
   58          | expressao . '/' expressao
   59          | expressao . '<' expressao
   60          | expressao . '>' expressao
   64          | expressao . TK_OC_LE expressao
   65          | expressao . TK_OC_GE expressao
   66          | expressao . TK_OC_EQ expressao
   67          | expressao . TK_OC_NE expressao
   68          | expressao . TK_OC_AND expressao
   69          | expressao . TK_OC_OR expressao

    TK_OC_LE   shift, and go to state 94
    TK_OC_GE   shift, and go to state 95
    TK_OC_EQ   shift, and go to state 96
    TK_OC_NE   shift, and go to state 97
    TK_OC_AND  shift, and go to state 98
    TK_OC_OR   shift, and go to state 99
    '<'        shift, and go to state 100
    '>'        shift, and go to state 101
    '+'        shift, and go to state 102
    '-'        shift, and go to state 103
    '*'        shift, and go to state 104
    '/'        shift, and go to state 105
    ')'        shift, and go to state 146


state 135

   54 expressao: TK_IDENTIFICADOR '[' expressao ']' .

    $default  reduce using rule 54 (expressao)


state 136

   42 atribuicao: TK_IDENTIFICADOR '[' expressao ']' '=' . expressao

    TK_LIT_INT        shift, and go to state 61
    TK_LIT_FLOAT      shift, and go to state 62
    TK_LIT_FALSE      shift, and go to state 63
    TK_LIT_TRUE       shift, and go to state 64
    TK_LIT_CHAR       shift, and go to state 65
    TK_LIT_STRING     shift, and go to state 66
    TK_IDENTIFICADOR  shift, and go to state 67
    '+'               shift, and go to state 68
    '-'               shift, and go to state 69
    '('               shift, and go to state 70

    chamada_funcao  go to state 71
    expressao       go to state 147


state 137

   30 comando: decl_var . ';'
   36 comando_simples: decl_var .

    ';'  shift, and go to state 78

    $default  reduce using rule 36 (comando_simples)


state 138

   31 comando: chamada_funcao . ';'
   37 comando_simples: chamada_funcao .

    ';'  shift, and go to state 79

    $default  reduce using rule 37 (comando_simples)


state 139

   48 controle_fluxo: TK_PR_IF '(' expressao ')' TK_PR_THEN comando .
   49               | TK_PR_IF '(' expressao ')' TK_PR_THEN comando . TK_PR_ELSE comando

    TK_PR_ELSE  shift, and go to state 148

    $default  reduce using rule 48 (controle_fluxo)


state 140

   50 controle_fluxo: TK_PR_IF '(' expressao ')' TK_PR_THEN comando_simples . TK_PR_ELSE comando

    TK_PR_ELSE  shift, and go to state 149


state 141

   26 comando: atribuicao . ';'
   32 comando_simples: atribuicao .

    ';'  shift, and go to state 82

    $default  reduce using rule 32 (comando_simples)


state 142

   27 comando: entrada . ';'
   33 comando_simples: entrada .

    ';'  shift, and go to state 83

    $default  reduce using rule 33 (comando_simples)


state 143

   28 comando: saida . ';'
   34 comando_simples: saida .

    ';'  shift, and go to state 84

    $default  reduce using rule 34 (comando_simples)


state 144

   29 comando: retorna . ';'
   35 comando_simples: retorna .

    ';'  shift, and go to state 85

    $default  reduce using rule 35 (comando_simples)


state 145

   51 controle_fluxo: TK_PR_WHILE '(' expressao ')' TK_PR_DO comando .

    $default  reduce using rule 51 (controle_fluxo)


state 146

   52 controle_fluxo: TK_PR_DO comando TK_PR_WHILE '(' expressao ')' .

    $default  reduce using rule 52 (controle_fluxo)


state 147

   42 atribuicao: TK_IDENTIFICADOR '[' expressao ']' '=' expressao .
   55 expressao: expressao . '+' expressao
   56          | expressao . '-' expressao
   57          | expressao . '*' expressao
   58          | expressao . '/' expressao
   59          | expressao . '<' expressao
   60          | expressao . '>' expressao
   64          | expressao . TK_OC_LE expressao
   65          | expressao . TK_OC_GE expressao
   66          | expressao . TK_OC_EQ expressao
   67          | expressao . TK_OC_NE expressao
   68          | expressao . TK_OC_AND expressao
   69          | expressao . TK_OC_OR expressao

    TK_OC_LE   shift, and go to state 94
    TK_OC_GE   shift, and go to state 95
    TK_OC_EQ   shift, and go to state 96
    TK_OC_NE   shift, and go to state 97
    TK_OC_AND  shift, and go to state 98
    TK_OC_OR   shift, and go to state 99
    '<'        shift, and go to state 100
    '>'        shift, and go to state 101
    '+'        shift, and go to state 102
    '-'        shift, and go to state 103
    '*'        shift, and go to state 104
    '/'        shift, and go to state 105

    $default  reduce using rule 42 (atribuicao)


state 148

   49 controle_fluxo: TK_PR_IF '(' expressao ')' TK_PR_THEN comando TK_PR_ELSE . comando

    TK_PR_INT         shift, and go to state 1
    TK_PR_FLOAT       shift, and go to state 2
    TK_PR_BOOL        shift, and go to state 3
    TK_PR_CHAR        shift, and go to state 4
    TK_PR_STRING      shift, and go to state 5
    TK_PR_IF          shift, and go to state 36
    TK_PR_WHILE       shift, and go to state 37
    TK_PR_DO          shift, and go to state 38
    TK_PR_INPUT       shift, and go to state 39
    TK_PR_OUTPUT      shift, and go to state 40
    TK_PR_RETURN      shift, and go to state 41
    TK_IDENTIFICADOR  shift, and go to state 42
    '{'               shift, and go to state 29

    decl_var        go to state 43
    tipo_var        go to state 23
    chamada_funcao  go to state 44
    comando         go to state 150
    bloco_comando   go to state 46
    atribuicao      go to state 48
    entrada         go to state 49
    saida           go to state 50
    retorna         go to state 51
    controle_fluxo  go to state 52


state 149

   50 controle_fluxo: TK_PR_IF '(' expressao ')' TK_PR_THEN comando_simples TK_PR_ELSE . comando

    TK_PR_INT         shift, and go to state 1
    TK_PR_FLOAT       shift, and go to state 2
    TK_PR_BOOL        shift, and go to state 3
    TK_PR_CHAR        shift, and go to state 4
    TK_PR_STRING      shift, and go to state 5
    TK_PR_IF          shift, and go to state 36
    TK_PR_WHILE       shift, and go to state 37
    TK_PR_DO          shift, and go to state 38
    TK_PR_INPUT       shift, and go to state 39
    TK_PR_OUTPUT      shift, and go to state 40
    TK_PR_RETURN      shift, and go to state 41
    TK_IDENTIFICADOR  shift, and go to state 42
    '{'               shift, and go to state 29

    decl_var        go to state 43
    tipo_var        go to state 23
    chamada_funcao  go to state 44
    comando         go to state 151
    bloco_comando   go to state 46
    atribuicao      go to state 48
    entrada         go to state 49
    saida           go to state 50
    retorna         go to state 51
    controle_fluxo  go to state 52


state 150

   49 controle_fluxo: TK_PR_IF '(' expressao ')' TK_PR_THEN comando TK_PR_ELSE comando .

    $default  reduce using rule 49 (controle_fluxo)


state 151

   50 controle_fluxo: TK_PR_IF '(' expressao ')' TK_PR_THEN comando_simples TK_PR_ELSE comando .

    $default  reduce using rule 50 (controle_fluxo)
